app/build/intermediates/manifest_merge_blame_file/release/manifest-merger-blame-release-report.txt
1<?xml version="1.0" encoding="utf-8"?>
2<manifest xmlns:android="http://schemas.android.com/apk/res/android"
3    package="com.example.myapplication"
4    android:versionCode="1"
5    android:versionName="1.0" >
6
7    <uses-sdk
8        android:minSdkVersion="21"
8-->src\main\AndroidManifest.xml
9        android:targetSdkVersion="31" />
9-->src\main\AndroidManifest.xml
10
11    <application
11-->src\main\AndroidManifest.xml:5:5-30:19
12        android:allowBackup="true"
12-->src\main\AndroidManifest.xml:6:9-35
13        android:appComponentFactory="androidx.core.app.CoreComponentFactory"
13-->[androidx.core:core:1.3.2] AndroidManifest.xml:24:18-86
14        android:icon="@mipmap/ic_launcher"
14-->src\main\AndroidManifest.xml:7:9-43
15        android:label="@string/app_name"
15-->src\main\AndroidManifest.xml:8:9-41
16        android:roundIcon="@mipmap/ic_launcher_round"
16-->src\main\AndroidManifest.xml:9:9-54
17        android:supportsRtl="true"
17-->src\main\AndroidManifest.xml:10:9-35
18        android:theme="@style/Theme.MyApplication" >
18-->src\main\AndroidManifest.xml:11:9-51
19        <activity
19-->src\main\AndroidManifest.xml:12:9-14:40
20            android:name="com.example.myapplication.MainActivity4"
20-->src\main\AndroidManifest.xml:13:13-42
21            android:exported="false" />
21-->src\main\AndroidManifest.xml:14:13-37
22        <activity
22-->src\main\AndroidManifest.xml:15:9-17:40
23            android:name="com.example.myapplication.MainActivity3"
23-->src\main\AndroidManifest.xml:16:13-42
24            android:exported="false" />
24-->src\main\AndroidManifest.xml:17:13-37
25        <activity
25-->src\main\AndroidManifest.xml:18:9-20:40
26            android:name="com.example.myapplication.MainActivity2"
26-->src\main\AndroidManifest.xml:19:13-42
27            android:exported="false" />
27-->src\main\AndroidManifest.xml:20:13-37
28        <activity
28-->src\main\AndroidManifest.xml:21:9-29:20
29            android:name="com.example.myapplication.MainActivity"
29-->src\main\AndroidManifest.xml:22:13-41
30            android:exported="true" >
30-->src\main\AndroidManifest.xml:23:13-36
31            <intent-filter>
31-->src\main\AndroidManifest.xml:24:13-28:29
32                <action android:name="android.intent.action.MAIN" />
32-->src\main\AndroidManifest.xml:25:17-69
32-->src\main\AndroidManifest.xml:25:25-66
33
34                <category android:name="android.intent.category.LAUNCHER" />
34-->src\main\AndroidManifest.xml:27:17-77
34-->src\main\AndroidManifest.xml:27:27-74
35            </intent-filter>
36        </activity>
37    </application>
38
39</manifest>